<?xml version="1.0" encoding="UTF-8"?>
<!-- Generated by org.testng.reporters.JUnitXMLReporter -->
<testsuite ignored="0" hostname="Vaneets-MacBook-Pro.local" failures="0" tests="3" name="Dollar Days Test" time="49.097" errors="0" timestamp="2021-01-27T22:43:19 EST">
  <testcase classname="com.dollardays.testcases.LoginTestcase" name="InvalidPassword" time="5.581"/>
  <testcase classname="com.dollardays.testcases.LoginTestcase" name="InvalidUsername" time="4.997"/>
  <testcase classname="com.dollardays.testcases.LoginTestcase" name="ValidLogin" time="10.937"/>
</testsuite> <!-- Dollar Days Test -->
