<?xml version="1.0" encoding="UTF-8"?>
<!-- Generated by org.testng.reporters.JUnitXMLReporter -->
<testsuite ignored="0" hostname="Vaneets-MacBook-Pro.local" failures="0" tests="3" name="Dollar Days Test" time="44.783" errors="0" timestamp="2021-01-27T20:57:26 EST">
  <testcase classname="com.dollardays.testcases.LoginTestcase" name="InvalidPassword" time="5.671"/>
  <testcase classname="com.dollardays.testcases.LoginTestcase" name="InvalidUsername" time="5.368"/>
  <testcase classname="com.dollardays.testcases.LoginTestcase" name="ValidLogin" time="11.453"/>
</testsuite> <!-- Dollar Days Test -->
