<?xml version="1.0" encoding="UTF-8"?>
<testng-results ignored="0" total="1" passed="1" failed="0" skipped="0">
  <reporter-output>
  </reporter-output>
  <suite started-at="2021-01-15T23:55:35Z" name="Suite" finished-at="2021-01-15T23:55:58Z" duration-ms="23543">
    <groups>
    </groups>
    <test started-at="2021-01-15T23:55:35Z" name="Dollar Days Test" finished-at="2021-01-15T23:55:58Z" duration-ms="23543">
      <class name="com.dollardays.testcases.LoginTestcase">
        <test-method is-config="true" signature="beforeClass()[pri:0, instance:com.dollardays.testcases.LoginTestcase@31ea9581]" started-at="2021-01-15T23:55:35Z" name="beforeClass" finished-at="2021-01-15T23:55:35Z" duration-ms="11" status="PASS">
          <reporter-output>
          </reporter-output>
        </test-method> <!-- beforeClass -->
        <test-method is-config="true" signature="setUpBrowser()[pri:0, instance:com.dollardays.testcases.LoginTestcase@31ea9581]" started-at="2021-01-15T23:55:35Z" name="setUpBrowser" finished-at="2021-01-15T23:55:49Z" duration-ms="13522" status="PASS">
          <reporter-output>
          </reporter-output>
        </test-method> <!-- setUpBrowser -->
        <test-method signature="invokeLogin(java.util.Hashtable)[pri:0, instance:com.dollardays.testcases.LoginTestcase@31ea9581]" started-at="2021-01-15T23:55:49Z" name="invokeLogin" data-provider="dd-dataprovider" finished-at="2021-01-15T23:55:58Z" duration-ms="9207" status="PASS">
          <params>
            <param index="0">
              <value>
                <![CDATA[{Test Case=Valid Login Credentials, Password=cGFzc3dvcmQxMjM=, Runmode=Yes, SheetName=Sheet1, UserName=srikanthtesting100@gmail.com, TCID=TC1, =}]]>
              </value>
            </param>
          </params>
          <reporter-output>
          </reporter-output>
        </test-method> <!-- invokeLogin -->
        <test-method is-config="true" signature="quit()[pri:0, instance:com.dollardays.testcases.LoginTestcase@31ea9581]" started-at="2021-01-15T23:55:58Z" name="quit" finished-at="2021-01-15T23:55:58Z" duration-ms="246" status="PASS">
          <reporter-output>
          </reporter-output>
        </test-method> <!-- quit -->
        <test-method is-config="true" signature="afterClass()[pri:0, instance:com.dollardays.testcases.LoginTestcase@31ea9581]" started-at="2021-01-15T23:55:58Z" name="afterClass" finished-at="2021-01-15T23:55:58Z" duration-ms="0" status="PASS">
          <reporter-output>
          </reporter-output>
        </test-method> <!-- afterClass -->
      </class> <!-- com.dollardays.testcases.LoginTestcase -->
    </test> <!-- Dollar Days Test -->
  </suite> <!-- Suite -->
</testng-results>
