<?xml version="1.0" encoding="UTF-8"?>
<testng-results ignored="0" total="3" passed="3" failed="0" skipped="0">
  <reporter-output>
  </reporter-output>
  <suite started-at="2021-01-27T20:56:41 EST" name="Suite" finished-at="2021-01-27T20:57:25 EST" duration-ms="44783">
    <groups>
    </groups>
    <test started-at="2021-01-27T20:56:41 EST" name="Dollar Days Test" finished-at="2021-01-27T20:57:25 EST" duration-ms="44783">
      <class name="com.dollardays.testcases.LoginTestcase">
        <test-method is-config="true" signature="beforeClass()[pri:0, instance:com.dollardays.testcases.LoginTestcase@351d00c0]" started-at="2021-01-27T20:56:41 EST" name="beforeClass" finished-at="2021-01-27T20:56:41 EST" duration-ms="9" status="PASS">
          <reporter-output>
          </reporter-output>
        </test-method> <!-- beforeClass -->
        <test-method is-config="true" signature="setUpBrowser()[pri:0, instance:com.dollardays.testcases.LoginTestcase@351d00c0]" started-at="2021-01-27T20:56:41 EST" name="setUpBrowser" finished-at="2021-01-27T20:56:51 EST" duration-ms="9357" status="PASS">
          <reporter-output>
          </reporter-output>
        </test-method> <!-- setUpBrowser -->
        <test-method signature="InvalidPassword(java.util.Hashtable)[pri:0, instance:com.dollardays.testcases.LoginTestcase@351d00c0]" started-at="2021-01-27T20:56:51 EST" name="InvalidPassword" data-provider="dd-dataprovider" finished-at="2021-01-27T20:56:56 EST" duration-ms="5671" status="PASS">
          <params>
            <param index="0">
              <value>
                <![CDATA[{TestScenario=Negative, Test Case=Invalid Login with Incorrect Password, Password=cGFzc3dvcmQx, Runmode=Yes, SheetName=TestData, UserName=srikanthtesting100@gmail.com, TCID=TC2}]]>
              </value>
            </param>
          </params>
          <reporter-output>
          </reporter-output>
        </test-method> <!-- InvalidPassword -->
        <test-method is-config="true" signature="quit()[pri:0, instance:com.dollardays.testcases.LoginTestcase@351d00c0]" started-at="2021-01-27T20:56:56 EST" name="quit" finished-at="2021-01-27T20:56:56 EST" duration-ms="0" status="PASS">
          <reporter-output>
          </reporter-output>
        </test-method> <!-- quit -->
        <test-method is-config="true" signature="setUpBrowser()[pri:0, instance:com.dollardays.testcases.LoginTestcase@351d00c0]" started-at="2021-01-27T20:56:56 EST" name="setUpBrowser" finished-at="2021-01-27T20:57:03 EST" duration-ms="6085" status="PASS">
          <reporter-output>
          </reporter-output>
        </test-method> <!-- setUpBrowser -->
        <test-method signature="InvalidUsername(java.util.Hashtable)[pri:0, instance:com.dollardays.testcases.LoginTestcase@351d00c0]" started-at="2021-01-27T20:57:03 EST" name="InvalidUsername" data-provider="dd-dataprovider" finished-at="2021-01-27T20:57:08 EST" duration-ms="5368" status="PASS">
          <params>
            <param index="0">
              <value>
                <![CDATA[{TestScenario=Negative, Test Case=Invalid Login with Incorrect UserName, Password=cGFzc3dvcmQxMjM=, Runmode=Yes, SheetName=TestData, UserName=srikanthtestin@gmail.com, TCID=TC3}]]>
              </value>
            </param>
          </params>
          <reporter-output>
          </reporter-output>
        </test-method> <!-- InvalidUsername -->
        <test-method is-config="true" signature="quit()[pri:0, instance:com.dollardays.testcases.LoginTestcase@351d00c0]" started-at="2021-01-27T20:57:08 EST" name="quit" finished-at="2021-01-27T20:57:08 EST" duration-ms="1" status="PASS">
          <reporter-output>
          </reporter-output>
        </test-method> <!-- quit -->
        <test-method is-config="true" signature="setUpBrowser()[pri:0, instance:com.dollardays.testcases.LoginTestcase@351d00c0]" started-at="2021-01-27T20:57:08 EST" name="setUpBrowser" finished-at="2021-01-27T20:57:14 EST" duration-ms="6081" status="PASS">
          <reporter-output>
          </reporter-output>
        </test-method> <!-- setUpBrowser -->
        <test-method signature="ValidLogin(java.util.Hashtable)[pri:0, instance:com.dollardays.testcases.LoginTestcase@351d00c0]" started-at="2021-01-27T20:57:14 EST" name="ValidLogin" data-provider="dd-dataprovider" finished-at="2021-01-27T20:57:25 EST" duration-ms="11453" status="PASS">
          <params>
            <param index="0">
              <value>
                <![CDATA[{TestScenario=Positive, Test Case=Valid Login Credentials, Password=cGFzc3dvcmQxMjM=, Runmode=Yes, SheetName=TestData, UserName=srikanthtesting100@gmail.com, TCID=TC1}]]>
              </value>
            </param>
          </params>
          <reporter-output>
          </reporter-output>
        </test-method> <!-- ValidLogin -->
        <test-method is-config="true" signature="quit()[pri:0, instance:com.dollardays.testcases.LoginTestcase@351d00c0]" started-at="2021-01-27T20:57:25 EST" name="quit" finished-at="2021-01-27T20:57:25 EST" duration-ms="1" status="PASS">
          <reporter-output>
          </reporter-output>
        </test-method> <!-- quit -->
        <test-method is-config="true" signature="afterClass()[pri:0, instance:com.dollardays.testcases.LoginTestcase@351d00c0]" started-at="2021-01-27T20:57:25 EST" name="afterClass" finished-at="2021-01-27T20:57:25 EST" duration-ms="1" status="PASS">
          <reporter-output>
          </reporter-output>
        </test-method> <!-- afterClass -->
      </class> <!-- com.dollardays.testcases.LoginTestcase -->
    </test> <!-- Dollar Days Test -->
  </suite> <!-- Suite -->
</testng-results>
